<?xml version="1.0" encoding="UTF-8"?>
<!-- Generated by org.testng.reporters.JUnitReportReporter -->
<testsuite hostname="DESKTOP-8UDUC7G" failures="0" tests="6" name="testlayer.Createaccount" time="17.539" errors="0" timestamp="2024-07-07T19:11:02 EDT" skipped="0">
  <testcase classname="testlayer.Createaccount" name="invalidemailmissing" time="2.898"/>
  <testcase classname="testlayer.Createaccount" name="validcreateaccount" time="3.304"/>
  <testcase classname="testlayer.Createaccount" name="invalidpasswordmissing" time="2.692"/>
  <testcase classname="testlayer.Createaccount" name="invalidemail" time="3.079"/>
  <testcase classname="testlayer.Createaccount" name="invalidpasswordmismatch" time="2.928"/>
  <testcase classname="testlayer.Createaccount" name="invalidnamemissing" time="2.638"/>
</testsuite> <!-- testlayer.Createaccount -->
